::1 - - [05/Apr/2023:09:20:00 +0000] "GET /api/contacts HTTP/1.1" 200 1130 "-" "PostmanRuntime/7.31.3"
::1 - - [05/Apr/2023:09:37:17 +0000] "GET /api/contacts HTTP/1.1" 200 1130 "-" "PostmanRuntime/7.31.3"
::1 - - [05/Apr/2023:09:37:24 +0000] "GET /api/contacts/qdggE76Jtbfd9eWJHrssH HTTP/1.1" 200 105 "-" "PostmanRuntime/7.31.3"
::1 - - [05/Apr/2023:09:37:45 +0000] "POST /api/contacts HTTP/1.1" 201 117 "-" "PostmanRuntime/7.31.3"
::1 - - [05/Apr/2023:09:37:50 +0000] "GET /api/contacts HTTP/1.1" 200 1248 "-" "PostmanRuntime/7.31.3"
::1 - - [05/Apr/2023:09:38:10 +0000] "DELETE /api/contacts/30d052ed-5272-420c-b95f-d84714fe772e HTTP/1.1" 200 29 "-" "PostmanRuntime/7.31.3"
::1 - - [05/Apr/2023:10:17:59 +0000] "POST /api/contacts/ HTTP/1.1" 201 118 "-" "PostmanRuntime/7.31.3"
::1 - - [05/Apr/2023:10:18:22 +0000] "PUT /api/contacts/f39db97f-89e4-48f6-aa77-2c25d318081f HTTP/1.1" 200 117 "-" "PostmanRuntime/7.31.3"
::1 - - [05/Apr/2023:10:19:14 +0000] "GET /api/contacts/f39db97f-89e4-48f6-aa77-2c25d318081f HTTP/1.1" 200 117 "-" "PostmanRuntime/7.31.3"
::1 - - [05/Apr/2023:10:19:21 +0000] "GET /api/contacts/f39db97f-89e4-48f6-aa77-2c25d318081d HTTP/1.1" 500 24 "-" "PostmanRuntime/7.31.3"
::1 - - [05/Apr/2023:10:19:26 +0000] "GET /api/contacts/f39db97f-89e4-48f6-aa77-2c25d318081f HTTP/1.1" 200 117 "-" "PostmanRuntime/7.31.3"
::1 - - [05/Apr/2023:10:20:10 +0000] "PUT /api/contacts/f39db97f-89e4-48f6-aa77-2c25d318081f%20 HTTP/1.1" 200 4 "-" "PostmanRuntime/7.31.3"
::1 - - [05/Apr/2023:10:20:29 +0000] "GET /api/contacts/f39db97f-89e4-48f6-aa77-2c25d318081f%20 HTTP/1.1" 500 24 "-" "PostmanRuntime/7.31.3"
::1 - - [05/Apr/2023:10:20:37 +0000] "GET /api/contacts HTTP/1.1" 200 1248 "-" "PostmanRuntime/7.31.3"
::1 - - [05/Apr/2023:10:20:55 +0000] "PUT /api/contacts/f39db97f-89e4-48f6-aa77-2c25d318081f HTTP/1.1" 200 119 "-" "PostmanRuntime/7.31.3"
::1 - - [05/Apr/2023:13:32:47 +0000] "PUT /api/contacts/ HTTP/1.1" 404 152 "-" "PostmanRuntime/7.31.3"
::1 - - [05/Apr/2023:13:32:53 +0000] "GET /api/contacts/ HTTP/1.1" 200 1250 "-" "PostmanRuntime/7.31.3"
::1 - - [06/Apr/2023:09:55:38 +0000] "GET /api/contacts/ HTTP/1.1" 200 1250 "-" "PostmanRuntime/7.31.3"
::1 - - [06/Apr/2023:09:55:52 +0000] "GET /api/contacts/qdggE76Jtbfd9eWJHrssH HTTP/1.1" 200 105 "-" "PostmanRuntime/7.31.3"
::1 - - [06/Apr/2023:12:19:40 +0000] "GET /api/contacts HTTP/1.1" 500 44 "-" "PostmanRuntime/7.31.3"
::1 - - [06/Apr/2023:12:20:02 +0000] "GET /api/contacts HTTP/1.1" 500 44 "-" "PostmanRuntime/7.31.3"
::1 - - [06/Apr/2023:12:21:10 +0000] "GET /api/contacts HTTP/1.1" 500 44 "-" "PostmanRuntime/7.31.3"
::1 - - [06/Apr/2023:12:22:53 +0000] "GET /api/contacts HTTP/1.1" 500 44 "-" "PostmanRuntime/7.31.3"
::1 - - [06/Apr/2023:12:26:32 +0000] "GET /api/contacts HTTP/1.1" 200 1335 "-" "PostmanRuntime/7.31.3"
::1 - - [06/Apr/2023:12:31:17 +0000] "GET /api/contacts/642ae53a2fbdbbc9fd651fa5 HTTP/1.1" 404 176 "-" "PostmanRuntime/7.31.3"
::1 - - [06/Apr/2023:12:31:31 +0000] "GET /api/contacts/642ae53a2fbdbbc9fd651fa5 HTTP/1.1" 404 176 "-" "PostmanRuntime/7.31.3"
::1 - - [06/Apr/2023:12:39:52 +0000] "POST /api/contacts/ HTTP/1.1" 404 153 "-" "PostmanRuntime/7.31.3"
::1 - - [06/Apr/2023:12:40:30 +0000] "POST /api/contacts/ HTTP/1.1" 404 153 "-" "PostmanRuntime/7.31.3"
::1 - - [06/Apr/2023:12:41:17 +0000] "POST /api/contacts/ HTTP/1.1" 404 153 "-" "PostmanRuntime/7.31.3"
::1 - - [06/Apr/2023:12:43:47 +0000] "POST /api/contacts/ HTTP/1.1" 201 133 "-" "PostmanRuntime/7.31.3"
::1 - - [06/Apr/2023:12:45:54 +0000] "POST /api/contacts/ HTTP/1.1" 201 131 "-" "PostmanRuntime/7.31.3"
::1 - - [06/Apr/2023:12:49:07 +0000] "POST /api/contacts/ HTTP/1.1" 201 131 "-" "PostmanRuntime/7.31.3"
::1 - - [06/Apr/2023:13:55:14 +0000] "POST /api/contacts/ HTTP/1.1" 500 35 "-" "PostmanRuntime/7.31.3"
::1 - - [06/Apr/2023:14:02:21 +0000] "POST /api/contacts/ HTTP/1.1" 500 69 "-" "PostmanRuntime/7.31.3"
::1 - - [06/Apr/2023:14:02:37 +0000] "POST /api/contacts/ HTTP/1.1" 500 35 "-" "PostmanRuntime/7.31.3"
::1 - - [06/Apr/2023:14:07:47 +0000] "POST /api/contacts/ HTTP/1.1" 500 120 "-" "PostmanRuntime/7.31.3"
::1 - - [06/Apr/2023:14:07:57 +0000] "POST /api/contacts/ HTTP/1.1" 201 201 "-" "PostmanRuntime/7.31.3"
::1 - - [06/Apr/2023:14:08:35 +0000] "POST /api/contacts/ HTTP/1.1" 500 119 "-" "PostmanRuntime/7.31.3"
::1 - - [06/Apr/2023:14:10:22 +0000] "POST /api/contacts/ HTTP/1.1" 500 119 "-" "PostmanRuntime/7.31.3"
::1 - - [06/Apr/2023:14:11:42 +0000] "POST /api/contacts/ HTTP/1.1" 500 119 "-" "PostmanRuntime/7.31.3"
::1 - - [06/Apr/2023:14:11:59 +0000] "POST /api/contacts/ HTTP/1.1" 500 119 "-" "PostmanRuntime/7.31.3"
::1 - - [06/Apr/2023:14:14:40 +0000] "POST /api/contacts/ HTTP/1.1" 201 201 "-" "PostmanRuntime/7.31.3"
::1 - - [06/Apr/2023:14:17:10 +0000] "POST /api/contacts/ HTTP/1.1" 201 201 "-" "PostmanRuntime/7.31.3"
::1 - - [06/Apr/2023:14:17:37 +0000] "POST /api/contacts/ HTTP/1.1" 201 201 "-" "PostmanRuntime/7.31.3"
::1 - - [06/Apr/2023:14:26:17 +0000] "POST /api/contacts/ HTTP/1.1" 500 120 "-" "PostmanRuntime/7.31.3"
::1 - - [06/Apr/2023:14:26:51 +0000] "POST /api/contacts/ HTTP/1.1" 500 119 "-" "PostmanRuntime/7.31.3"
::1 - - [06/Apr/2023:14:28:07 +0000] "POST /api/contacts/ HTTP/1.1" 500 119 "-" "PostmanRuntime/7.31.3"
::1 - - [06/Apr/2023:14:28:19 +0000] "POST /api/contacts/ HTTP/1.1" 500 118 "-" "PostmanRuntime/7.31.3"
::1 - - [06/Apr/2023:14:28:28 +0000] "POST /api/contacts/ HTTP/1.1" 500 127 "-" "PostmanRuntime/7.31.3"
::1 - - [06/Apr/2023:14:28:35 +0000] "POST /api/contacts/ HTTP/1.1" 500 127 "-" "PostmanRuntime/7.31.3"
::1 - - [06/Apr/2023:14:29:21 +0000] "POST /api/contacts/ HTTP/1.1" 500 113 "-" "PostmanRuntime/7.31.3"
::1 - - [06/Apr/2023:14:33:08 +0000] "POST /api/contacts/ HTTP/1.1" 500 127 "-" "PostmanRuntime/7.31.3"
::1 - - [06/Apr/2023:14:33:44 +0000] "POST /api/contacts/ HTTP/1.1" 201 197 "-" "PostmanRuntime/7.31.3"
::1 - - [06/Apr/2023:14:34:17 +0000] "POST /api/contacts/ HTTP/1.1" 201 201 "-" "PostmanRuntime/7.31.3"
::1 - - [06/Apr/2023:14:47:11 +0000] "POST /api/contacts/ HTTP/1.1" 201 207 "-" "PostmanRuntime/7.31.3"
